<?xml version="1.0" encoding="UTF-8" ?>
<testsuite errors="0" failures="0" hostname="DESKTOP-D9BBMAU" name="Loan_Test" skipped="0" tests="3" time="0.111" timestamp="2024-01-16T21:12:23">
  <properties>
[...]
</properties>
  <testcase classname="Loan_Test" name="calculateTotalInterest" time="0.0" />
  <testcase classname="Loan_Test" name="calculateMonthlyRate" time="0.0" />
  <testcase classname="Loan_Test" name="loanDetails" time="0.0" />
  <system-out><![CDATA[]]></system-out>
  <system-err><![CDATA[]]></system-err>
</testsuite>
